<?xml version="1.0" encoding="UTF-8" standalone="no"?><testsuite errors="0" failures="1" name="create user in pet shop" skipped="0" tests="1" time="4.32" timestamp="2023-03-22 02:44:49"><testcase name="Place an order for a pet"><failure message="1 expectation failed.&#10;Expected status code &lt;200&gt; but was &lt;500&gt;.&#10;" type="java.lang.AssertionError">1 expectation failed.
Expected status code &lt;200&gt; but was &lt;500&gt;.
</failure><system-err>1 expectation failed.
Expected status code &lt;200&gt; but was &lt;500&gt;.
&#13;
io.restassured.internal.ResponseSpecificationImpl.validateResponseIfRequired(ResponseSpecificationImpl.groovy:696)&#13;
io.restassured.internal.ResponseSpecificationImpl.this$2$validateResponseIfRequired(ResponseSpecificationImpl.groovy)&#13;
io.restassured.internal.ResponseSpecificationImpl.statusCode(ResponseSpecificationImpl.groovy:135)&#13;
io.restassured.internal.ResponseSpecificationImpl.statusCode(ResponseSpecificationImpl.groovy:143)&#13;
io.restassured.internal.ValidatableResponseOptionsImpl.statusCode(ValidatableResponseOptionsImpl.java:89)&#13;
io.swagger.petstore.definitions.CreateUserDefinitions.checkInTheBodyOfTheJsonContainsAndTheStatusIs(CreateUserDefinitions.java:45)&#13;
âœ½.check in the body of the Json contains "placed" and the status is 200(file:///D:/Automatizacion/retoServicios/src/test/resources/create_user.feature:23)&#13;
</system-err></testcase></testsuite>